#
# There is insufficient memory for the Java Runtime Environment to continue.
# Native memory allocation (mmap) failed to map 4161536 bytes for G1 virtual space
# Possible reasons:
#   The system is out of physical RAM or swap space
#   The process is running with CompressedOops enabled, and the Java Heap may be blocking the growth of the native heap
# Possible solutions:
#   Reduce memory load on the system
#   Increase physical memory or swap space
#   Check if swap backing store is full
#   Decrease Java heap size (-Xmx/-Xms)
#   Decrease number of Java threads
#   Decrease Java thread stack sizes (-Xss)
#   Set larger code cache with -XX:ReservedCodeCacheSize=
#   JVM is running with Zero Based Compressed Oops mode in which the Java heap is
#     placed in the first 32GB address space. The Java Heap base address is the
#     maximum limit for the native heap growth. Please use -XX:HeapBaseMinAddress
#     to set the Java Heap base and to place the Java Heap above 32GB virtual address.
# This output file may be truncated or incomplete.
#
#  Out of Memory Error (os_windows.cpp:3769), pid=11064, tid=10096
#
# JRE version:  (17.0.6) (build )
# Java VM: OpenJDK 64-Bit Server VM (17.0.6+0-b2043.56-9586694, mixed mode, sharing, tiered, compressed oops, compressed class ptrs, g1 gc, windows-amd64)
# No core dump will be written. Minidumps are not enabled by default on client versions of Windows
#

---------------  S U M M A R Y ------------

Command Line: org.jetbrains.kotlin.cli.jvm.K2JVMCompiler @C:\Users\lordn\Documents\android\Challenge_05\app\build\20230807_6567385250055861717.compiler.options

Host: Intel(R) Core(TM) i7-9750H CPU @ 2.60GHz, 12 cores, 15G,  Windows 11 , 64 bit Build 25921 (10.0.25921.1000)
Time: Mon Aug  7 18:10:56 2023 Eastern Daylight Time elapsed time: 2.017439 seconds (0d 0h 0m 2s)

---------------  T H R E A D  ---------------

Current thread (0x000001648df79ff0):  JavaThread "Unknown thread" [_thread_in_vm, id=10096, stack(0x000000468e000000,0x000000468e100000)]

Stack: [0x000000468e000000,0x000000468e100000]
Native frames: (J=compiled Java code, j=interpreted, Vv=VM code, C=native code)
V  [jvm.dll+0x683b4a]
V  [jvm.dll+0x842654]
V  [jvm.dll+0x843dfe]
V  [jvm.dll+0x844463]
V  [jvm.dll+0x249b75]
V  [jvm.dll+0x680a19]
V  [jvm.dll+0x674f0a]
V  [jvm.dll+0x309acb]
V  [jvm.dll+0x310f86]
V  [jvm.dll+0x360903]
V  [jvm.dll+0x360b1f]
V  [jvm.dll+0x2dfbf8]
V  [jvm.dll+0x2e0b64]
V  [jvm.dll+0x813f41]
V  [jvm.dll+0x36e6a1]
V  [jvm.dll+0x7f347c]
V  [jvm.dll+0x3f0e8f]
V  [jvm.dll+0x3f29d1]
C  [jli.dll+0x526b]
C  [ucrtbase.dll+0x62871]
C  [KERNEL32.DLL+0x11f88]
C  [ntdll.dll+0x68241]


---------------  P R O C E S S  ---------------

Threads class SMR info:
_java_thread_list=0x00007ffdfea0c058, length=0, elements={
}

Java Threads: ( => current thread )

Other Threads:
  0x000001648dfe9400 GCTaskThread "GC Thread#0" [stack: 0x000000468e100000,0x000000468e200000] [id=1912]
  0x000001648dffadd0 ConcurrentGCThread "G1 Main Marker" [stack: 0x000000468e200000,0x000000468e300000] [id=17968]
  0x000001648dffbf80 ConcurrentGCThread "G1 Conc#0" [stack: 0x000000468e300000,0x000000468e400000] [id=20144]

[error occurred during error reporting (printing all threads), id 0xc0000005, EXCEPTION_ACCESS_VIOLATION (0xc0000005) at pc=0x00007ffdfe1c0797]

VM state: not at safepoint (not fully initialized)

VM Mutex/Monitor currently owned by a thread:  ([mutex/lock_event])
[0x000001648df76270] Heap_lock - owner thread: 0x000001648df79ff0

Heap address: 0x0000000702400000, size: 4060 MB, Compressed Oops mode: Zero based, Oop shift amount: 3

CDS archive(s) mapped at: [0x0000000000000000-0x0000000000000000-0x0000000000000000), size 0, SharedBaseAddress: 0x0000000800000000, ArchiveRelocationMode: 0.
Narrow klass base: 0x0000000000000000, Narrow klass shift: 0, Narrow klass range: 0x0

GC Precious Log:
<Empty>

Heap:
 garbage-first heap   total 0K, used 0K [0x0000000702400000, 0x0000000800000000)
  region size 2048K, 0 young (0K), 0 survivors (0K)

[error occurred during error reporting (printing heap information), id 0xc0000005, EXCEPTION_ACCESS_VIOLATION (0xc0000005) at pc=0x00007ffdfe5ad939]

GC Heap History (0 events):
No events

Dll operation events (1 events):
Event: 0.008 Loaded shared library C:\Program Files\Android\Android Studio\jbr\bin\java.dll

Deoptimization events (0 events):
No events

Classes unloaded (0 events):
No events

Classes redefined (0 events):
No events

Internal exceptions (0 events):
No events

VM Operations (0 events):
No events

Events (0 events):
No events


Dynamic libraries:
0x00007ff729030000 - 0x00007ff72903a000 	C:\Program Files\Android\Android Studio\jbr\bin\java.exe
0x00007ffe5f090000 - 0x00007ffe5f2be000 	C:\WINDOWS\SYSTEM32\ntdll.dll
0x00007ffe5d090000 - 0x00007ffe5d158000 	C:\WINDOWS\System32\KERNEL32.DLL
0x00007ffe5cb20000 - 0x00007ffe5ce7b000 	C:\WINDOWS\System32\KERNELBASE.dll
0x00007ffe5c930000 - 0x00007ffe5ca62000 	C:\WINDOWS\System32\ucrtbase.dll
0x00007ffe4b4a0000 - 0x00007ffe4b4b7000 	C:\Program Files\Android\Android Studio\jbr\bin\jli.dll
0x00007ffe4b590000 - 0x00007ffe4b5ab000 	C:\Program Files\Android\Android Studio\jbr\bin\VCRUNTIME140.dll
0x00007ffe5dff0000 - 0x00007ffe5e1a3000 	C:\WINDOWS\System32\USER32.dll
0x00007ffe5caf0000 - 0x00007ffe5cb17000 	C:\WINDOWS\System32\win32u.dll
0x00007ffe44050000 - 0x00007ffe442e3000 	C:\WINDOWS\WinSxS\amd64_microsoft.windows.common-controls_6595b64144ccf1df_6.0.25921.1000_none_854cb103475d39ac\COMCTL32.dll
0x00007ffe5ce80000 - 0x00007ffe5cea9000 	C:\WINDOWS\System32\GDI32.dll
0x00007ffe5efa0000 - 0x00007ffe5f047000 	C:\WINDOWS\System32\msvcrt.dll
0x00007ffe5c680000 - 0x00007ffe5c7a0000 	C:\WINDOWS\System32\gdi32full.dll
0x00007ffe5c480000 - 0x00007ffe5c525000 	C:\WINDOWS\System32\msvcp_win.dll
0x00007ffe5e1b0000 - 0x00007ffe5e1e0000 	C:\WINDOWS\System32\IMM32.DLL
0x00007ffe501c0000 - 0x00007ffe501cc000 	C:\Program Files\Android\Android Studio\jbr\bin\vcruntime140_1.dll
0x00007ffe31480000 - 0x00007ffe3150d000 	C:\Program Files\Android\Android Studio\jbr\bin\msvcp140.dll
0x00007ffdfded0000 - 0x00007ffdfeb3d000 	C:\Program Files\Android\Android Studio\jbr\bin\server\jvm.dll
0x00007ffe5e490000 - 0x00007ffe5e540000 	C:\WINDOWS\System32\ADVAPI32.dll
0x00007ffe5ed30000 - 0x00007ffe5edd0000 	C:\WINDOWS\System32\sechost.dll
0x00007ffe5e560000 - 0x00007ffe5e685000 	C:\WINDOWS\System32\RPCRT4.dll
0x00007ffe4b410000 - 0x00007ffe4b419000 	C:\WINDOWS\SYSTEM32\WSOCK32.dll
0x00007ffe3e0c0000 - 0x00007ffe3e0f4000 	C:\WINDOWS\SYSTEM32\WINMM.dll
0x00007ffe5e700000 - 0x00007ffe5e773000 	C:\WINDOWS\System32\WS2_32.dll
0x00007ffe4aae0000 - 0x00007ffe4aaea000 	C:\WINDOWS\SYSTEM32\VERSION.dll
0x00007ffe5b400000 - 0x00007ffe5b418000 	C:\WINDOWS\SYSTEM32\kernel.appcore.dll
0x00007ffe4b190000 - 0x00007ffe4b19a000 	C:\Program Files\Android\Android Studio\jbr\bin\jimage.dll
0x00007ffe579c0000 - 0x00007ffe57bf5000 	C:\WINDOWS\SYSTEM32\DBGHELP.DLL
0x00007ffe5e920000 - 0x00007ffe5ec9a000 	C:\WINDOWS\System32\combase.dll
0x00007ffe5ede0000 - 0x00007ffe5eeb5000 	C:\WINDOWS\System32\OLEAUT32.dll
0x00007ffe3e7f0000 - 0x00007ffe3e828000 	C:\WINDOWS\SYSTEM32\dbgcore.DLL
0x00007ffe5c530000 - 0x00007ffe5c5b1000 	C:\WINDOWS\System32\bcryptPrimitives.dll
0x00007ffe3b570000 - 0x00007ffe3b595000 	C:\Program Files\Android\Android Studio\jbr\bin\java.dll

dbghelp: loaded successfully - version: 4.0.5 - missing functions: none
symbol engine: initialized successfully - sym options: 0x614 - pdb path: .;C:\Program Files\Android\Android Studio\jbr\bin;C:\WINDOWS\SYSTEM32;C:\WINDOWS\WinSxS\amd64_microsoft.windows.common-controls_6595b64144ccf1df_6.0.25921.1000_none_854cb103475d39ac;C:\Program Files\Android\Android Studio\jbr\bin\server

VM Arguments:
java_command: org.jetbrains.kotlin.cli.jvm.K2JVMCompiler @C:\Users\lordn\Documents\android\Challenge_05\app\build\20230807_6567385250055861717.compiler.options
java_class_path (initial): C:\Users\lordn\.gradle\caches\modules-2\files-2.1\org.jetbrains.kotlin\kotlin-compiler-embeddable\1.7.21\a36688d6a38ea94ac3fce84e198ea2cb6c6a8e88\kotlin-compiler-embeddable-1.7.21.jar;C:\Users\lordn\.gradle\caches\modules-2\files-2.1\org.jetbrains.kotlin\kotlin-reflect\1.7.21\ad6d09bc4db0eab1069112eea8ebea0be7be44f\kotlin-reflect-1.7.21.jar;C:\Users\lordn\.gradle\caches\modules-2\files-2.1\org.jetbrains.kotlin\kotlin-stdlib\1.7.21\1a2eaf898a0dda83037034b10a42053cf8a7caf8\kotlin-stdlib-1.7.21.jar;C:\Users\lordn\.gradle\caches\modules-2\files-2.1\org.jetbrains.kotlin\kotlin-script-runtime\1.7.21\b06d5c58297dccce2a0f69b0636804b0a73b3b9\kotlin-script-runtime-1.7.21.jar;C:\Users\lordn\.gradle\caches\modules-2\files-2.1\org.jetbrains.kotlin\kotlin-daemon-embeddable\1.7.21\b94818f660cc50f5d39f04b6396ac38e4d3a9eb7\kotlin-daemon-embeddable-1.7.21.jar;C:\Users\lordn\.gradle\caches\modules-2\files-2.1\org.jetbrains.intellij.deps\trove4j\1.0.20200330\3afb14d5f9ceb459d724e907a21145e8ff394f02\trove4j-1.0.20200330.jar;C:\Users\lordn\.gradle\caches\modules-2\files-2.1\net.java.dev.jna\jna\5.6.0\330f2244e9030119ab3030fc3fededc86713d9cc\jna-5.6.0.jar;C:\Users\lordn\.gradle\caches\modules-2\files-2.1\org.jetbrains.kotlin\kotlin-stdlib-common\1.7.21\cb02257de8e13e8498f8e2f69f742f2d438e794d\kotlin-stdlib-common-1.7.21.jar;C:\Users\lordn\.gradle\caches\modules-2\files-2.1\org.jetbrains\annotations\13.0\919f0dfe192fb4e063e7dacadee7f8bb9a2672a9\annotations-13.0.jar
Launcher Type: SUN_STANDARD

[Global flags]
     intx CICompilerCount                          = 4                                         {product} {ergonomic}
     uint ConcGCThreads                            = 3                                         {product} {ergonomic}
     uint G1ConcRefinementThreads                  = 10                                        {product} {ergonomic}
   size_t G1HeapRegionSize                         = 2097152                                   {product} {ergonomic}
    uintx GCDrainStackTargetSize                   = 64                                        {product} {ergonomic}
   size_t InitialHeapSize                          = 266338304                                 {product} {ergonomic}
   size_t MarkStackSize                            = 4194304                                   {product} {ergonomic}
   size_t MaxHeapSize                              = 4257218560                                {product} {ergonomic}
   size_t MinHeapDeltaBytes                        = 2097152                                   {product} {ergonomic}
   size_t MinHeapSize                              = 8388608                                   {product} {ergonomic}
    uintx NonNMethodCodeHeapSize                   = 5839372                                {pd product} {ergonomic}
    uintx NonProfiledCodeHeapSize                  = 122909434                              {pd product} {ergonomic}
    uintx ProfiledCodeHeapSize                     = 122909434                              {pd product} {ergonomic}
    uintx ReservedCodeCacheSize                    = 251658240                              {pd product} {ergonomic}
     bool SegmentedCodeCache                       = true                                      {product} {ergonomic}
   size_t SoftMaxHeapSize                          = 4257218560                             {manageable} {ergonomic}
     bool UseCompressedClassPointers               = true                           {product lp64_product} {ergonomic}
     bool UseCompressedOops                        = true                           {product lp64_product} {ergonomic}
     bool UseG1GC                                  = true                                      {product} {ergonomic}
     bool UseLargePagesIndividualAllocation        = false                                  {pd product} {ergonomic}

Logging:
Log output configuration:
 #0: stdout all=warning uptime,level,tags
 #1: stderr all=off uptime,level,tags

Environment Variables:
PATH=C:\Program Files\Oculus\Support\oculus-runtime;C:\Program Files (x86)\Common Files\Oracle\Java\javapath;C:\Program Files\Common Files\Oracle\Java\javapath;C:\ProgramData\Oracle\Java\javapath;C:\Windows\system32;C:\Windows;C:\Windows\System32\Wbem;C:\Windows\System32\WindowsPowerShell\v1.0\;C:\Windows\System32\OpenSSH\;C:\Program Files (x86)\NVIDIA Corporation\PhysX\Common;C:\WINDOWS\system32;C:\WINDOWS;C:\WINDOWS\System32\Wbem;C:\WINDOWS\System32\WindowsPowerShell\v1.0\;C:\WINDOWS\System32\OpenSSH\;C:\Program Files\NVIDIA Corporation\NVIDIA NvDLISR;C:\Program Files\dotnet\;%SystemRoot%\system32;%SystemRoot%;%SystemRoot%\System32\Wbem;%SYSTEMROOT%\System32\WindowsPowerShell\v1.0\;%SYSTEMROOT%\System32\OpenSSH\;C:\Users\lordn\AppData\Local\Microsoft\WindowsApps;;C:\Users\lordn\AppData\Local\Programs\Microsoft VS Code\bin
USERNAME=ACHINTYA
OS=Windows_NT
PROCESSOR_IDENTIFIER=Intel64 Family 6 Model 158 Stepping 10, GenuineIntel
TMP=C:\Users\lordn\AppData\Local\Temp
TEMP=C:\Users\lordn\AppData\Local\Temp



---------------  S Y S T E M  ---------------

OS:
 Windows 11 , 64 bit Build 25921 (10.0.25921.1000)
OS uptime: 0 days 11:35 hours

CPU: total 12 (initial active 12) (6 cores per cpu, 2 threads per core) family 6 model 158 stepping 10 microcode 0xde, cx8, cmov, fxsr, ht, mmx, 3dnowpref, sse, sse2, sse3, ssse3, sse4.1, sse4.2, popcnt, lzcnt, tsc, tscinvbit, avx, avx2, aes, erms, clmul, bmi1, bmi2, adx, fma, vzeroupper, clflush, clflushopt

Memory: 4k page, system-wide physical 16235M (2741M free)
TotalPageFile size 16236M (AvailPageFile size 4M)
current process WorkingSet (physical memory assigned to process): 11M, peak: 11M
current process commit charge ("private bytes"): 319M, peak: 323M

vm_info: OpenJDK 64-Bit Server VM (17.0.6+0-b2043.56-9586694) for windows-amd64 JRE (17.0.6+0-b2043.56-9586694), built on Feb  9 2023 20:06:20 by "androidbuild" with MS VC++ 16.10 / 16.11 (VS2019)

END.
